Start testing: May 22 21:19 EDT
----------------------------------------------------------
1/2 Testing: TrivialTest.SimpleMath
1/2 Test: TrivialTest.SimpleMath
Command: "/Users/aaronmehlberg/Documents/GitHub/ClockworkTick/clockwork_tests" "--gtest_filter=TrivialTest.SimpleMath" "--gtest_also_run_disabled_tests"
Directory: /Users/aaronmehlberg/Documents/GitHub/ClockworkTick
"TrivialTest.SimpleMath" start time: May 22 21:19 EDT
Output:
----------------------------------------------------------
Running main() from /Users/aaronmehlberg/Documents/GitHub/ClockworkTick/_deps/googletest-src/googletest/src/gtest_main.cc
Note: Google Test filter = TrivialTest.SimpleMath
[==========] Running 1 test from 1 test suite.
[----------] Global test environment set-up.
[----------] 1 test from TrivialTest
[ RUN      ] TrivialTest.SimpleMath
[       OK ] TrivialTest.SimpleMath (0 ms)
[----------] 1 test from TrivialTest (0 ms total)

[----------] Global test environment tear-down
[==========] 1 test from 1 test suite ran. (0 ms total)
[  PASSED  ] 1 test.
<end of output>
Test time =   0.01 sec
----------------------------------------------------------
Test Passed.
"TrivialTest.SimpleMath" end time: May 22 21:19 EDT
"TrivialTest.SimpleMath" time elapsed: 00:00:00
----------------------------------------------------------

2/2 Testing: TrivialTest.StringCheck
2/2 Test: TrivialTest.StringCheck
Command: "/Users/aaronmehlberg/Documents/GitHub/ClockworkTick/clockwork_tests" "--gtest_filter=TrivialTest.StringCheck" "--gtest_also_run_disabled_tests"
Directory: /Users/aaronmehlberg/Documents/GitHub/ClockworkTick
"TrivialTest.StringCheck" start time: May 22 21:19 EDT
Output:
----------------------------------------------------------
Running main() from /Users/aaronmehlberg/Documents/GitHub/ClockworkTick/_deps/googletest-src/googletest/src/gtest_main.cc
Note: Google Test filter = TrivialTest.StringCheck
[==========] Running 1 test from 1 test suite.
[----------] Global test environment set-up.
[----------] 1 test from TrivialTest
[ RUN      ] TrivialTest.StringCheck
[       OK ] TrivialTest.StringCheck (0 ms)
[----------] 1 test from TrivialTest (0 ms total)

[----------] Global test environment tear-down
[==========] 1 test from 1 test suite ran. (0 ms total)
[  PASSED  ] 1 test.
<end of output>
Test time =   0.01 sec
----------------------------------------------------------
Test Passed.
"TrivialTest.StringCheck" end time: May 22 21:19 EDT
"TrivialTest.StringCheck" time elapsed: 00:00:00
----------------------------------------------------------

End testing: May 22 21:19 EDT
